<?xml version="1.0" encoding="UTF-8"?>
<!-- Generated by org.testng.reporters.JUnitReportReporter -->
<testsuite skipped="0" hostname="com7-PC" name="com.tcs.day1.FirstTestNG" tests="2" failures="0" timestamp="09 Mar 2019 08:49:39 GMT" time="41.788" errors="0">
  <testcase name="f" time="21.570" classname="com.tcs.day1.FirstTestNG"/>
  <testcase name="Mousetest" time="20.218" classname="com.tcs.day1.FirstTestNG"/>
</testsuite> <!-- com.tcs.day1.FirstTestNG -->
