<?xml version="1.0" encoding="UTF-8"?>
<!-- Generated by org.testng.reporters.JUnitReportReporter -->
<testsuite skipped="0" hostname="com7-PC" name="com.tcs.day1.FirstTestNG" tests="2" failures="0" timestamp="09 Mar 2019 06:49:07 GMT" time="103.459" errors="0">
  <testcase name="Mousetest" time="69.855" classname="com.tcs.day1.FirstTestNG"/>
  <testcase name="f" time="33.604" classname="com.tcs.day1.FirstTestNG"/>
</testsuite> <!-- com.tcs.day1.FirstTestNG -->
